d:\git\klakndi\plugin\windows\x64\debug\vc141.pdb
d:\git\klakndi\plugin\windows\x64\debug\vc141.idb
d:\git\klakndi\plugin\windows\x64\debug\pluginentry.obj
d:\git\klakndi\plugin\windows\x64\debug\callback.obj
d:\git\klakndi\plugin\windows\x64\debug\klakndi.lib
d:\git\klakndi\plugin\windows\x64\debug\klakndi.exp
d:\git\klakndi\plugin\windows\x64\debug\klakndi.ilk
d:\git\klakndi\plugin\windows\x64\debug\klakndi.dll
d:\git\klakndi\plugin\windows\x64\debug\klakndi.pdb
d:\work\git\ndi plugin\windows\x64\debug\callback.obj
d:\work\git\ndi plugin\windows\x64\debug\pluginentry.obj
d:\work\git\ndi plugin\windows\x64\debug\klakndi.ilk
d:\work\git\ndi plugin\windows\x64\debug\klakndi.exp
d:\work\git\ndi plugin\windows\x64\debug\vc141.idb
d:\work\git\ndi plugin\windows\x64\debug\klakndi.pdb
d:\work\git\ndi plugin\windows\x64\debug\vc141.pdb
d:\work\git\ndi plugin\windows\x64\debug\klakndi.dll
d:\work\git\ndi plugin\windows\x64\debug\klakndi.tlog\cl.command.1.tlog
d:\work\git\ndi plugin\windows\x64\debug\klakndi.tlog\cl.read.1.tlog
d:\work\git\ndi plugin\windows\x64\debug\klakndi.tlog\cl.write.1.tlog
d:\work\git\ndi plugin\windows\x64\debug\klakndi.tlog\klakndi.write.1u.tlog
d:\work\git\ndi plugin\windows\x64\debug\klakndi.tlog\link.command.1.tlog
d:\work\git\ndi plugin\windows\x64\debug\klakndi.tlog\link.delete.1.tlog
d:\work\git\ndi plugin\windows\x64\debug\klakndi.tlog\link.read.1.tlog
d:\work\git\ndi plugin\windows\x64\debug\klakndi.tlog\link.write.1.tlog
